<?xml version="1.0" encoding="UTF-8"?>
<!-- Generated by org.testng.reporters.JUnitReportReporter -->
<testsuite skipped="0" hostname="DESKTOP-GMDIF6L" name="ApiTest.TechnicalChallenge2" tests="6" failures="0" timestamp="2020-05-21T23:28:49 CEST" time="2.094" errors="0">
  <testcase name="statusCodeValidation" time="0.013" classname="ApiTest.TechnicalChallenge2"/>
  <system-out/>
  <testcase name="statusLineValidation" time="0.002" classname="ApiTest.TechnicalChallenge2"/>
  <system-out/>
  <testcase name="responseBody" time="0.035" classname="ApiTest.TechnicalChallenge2"/>
  <system-out/>
  <testcase name="header" time="0.001" classname="ApiTest.TechnicalChallenge2"/>
  <system-out/>
  <testcase name="jsonAttributes" time="1.937" classname="ApiTest.TechnicalChallenge2"/>
  <system-out/>
  <testcase name="nestedJsonAttributes" time="0.106" classname="ApiTest.TechnicalChallenge2"/>
  <system-out/>
</testsuite> <!-- ApiTest.TechnicalChallenge2 -->
